<<<<<<< HEAD
<<<<<<< HEAD
﻿빌드 시작: 2016-04-16 오전 12:15:26
     1>2 노드의 "C:\Users\dahoon\Documents\Visual Studio 2013\Projects\_3\FingKey\_3\_3\_3.vcxproj" 프로젝트(Build 대상)입니다.
     1>ClCompile:
         C:\Program Files (x86)\Microsoft Visual Studio 12.0\VC\bin\x86_amd64\CL.exe /c /IC:\Users\dahoon\Downloads\opencv\build\include /Zi /nologo /W3 /WX- /sdl /O2 /Oi /GL /D WIN32 /D NDEBUG /D _CONSOLE /D _LIB /D _UNICODE /D UNICODE /Gm- /EHsc /MD /GS /Gy /fp:precise /Zc:wchar_t /Zc:forScope /Fo"x64\Release\\" /Fd"x64\Release\vc120.pdb" /Gd /TP /errorReport:prompt /FS test.cpp
         test.cpp
     1>C:\Users\dahoon\Downloads\opencv\build\include\opencv2/core/mat.hpp(1965): warning C4819: 현재 코드 페이지(949)에서 표시할 수 없는 문자가 파일에 들어 있습니다. 데이터가 손실되지 않게 하려면 해당 파일을 유니코드 형식으로 저장하십시오.
     1>C:\Users\dahoon\Downloads\opencv\build\include\opencv2/core/persistence.hpp : warning C4819: 현재 코드 페이지(949)에서 표시할 수 없는 문자가 파일에 들어 있습니다. 데이터가 손실되지 않게 하려면 해당 파일을 유니코드 형식으로 저장하십시오.
     1>C:\Users\dahoon\Downloads\opencv\build\include\opencv2/core/utility.hpp : warning C4819: 현재 코드 페이지(949)에서 표시할 수 없는 문자가 파일에 들어 있습니다. 데이터가 손실되지 않게 하려면 해당 파일을 유니코드 형식으로 저장하십시오.
     1>test.cpp(27): warning C4244: 'return' : 'double'에서 'float'(으)로 변환하면서 데이터가 손실될 수 있습니다.
     1>test.cpp(116): warning C4244: '초기화 중' : 'double'에서 'float'(으)로 변환하면서 데이터가 손실될 수 있습니다.
     1>test.cpp(121): warning C4244: '초기화 중' : 'int'에서 'float'(으)로 변환하면서 데이터가 손실될 수 있습니다.
     1>test.cpp(123): warning C4244: '=' : 'double'에서 'float'(으)로 변환하면서 데이터가 손실될 수 있습니다.
     1>test.cpp(143): warning C4244: '인수' : 'float'에서 'int'(으)로 변환하면서 데이터가 손실될 수 있습니다.
       Link:
         C:\Program Files (x86)\Microsoft Visual Studio 12.0\VC\bin\x86_amd64\link.exe /ERRORREPORT:PROMPT /OUT:"C:\Users\dahoon\Documents\Visual Studio 2013\Projects\_3\FingKey\_3\x64\Release\_3.exe" /INCREMENTAL:NO /NOLOGO /LIBPATH:C:\Users\dahoon\Downloads\opencv\build\x64\vc12\lib opencv_world310.lib kernel32.lib user32.lib gdi32.lib winspool.lib comdlg32.lib advapi32.lib shell32.lib ole32.lib oleaut32.lib uuid.lib odbc32.lib odbccp32.lib /MANIFEST /MANIFESTUAC:"level='asInvoker' uiAccess='false'" /manifest:embed /DEBUG /PDB:"C:\Users\dahoon\Documents\Visual Studio 2013\Projects\_3\FingKey\_3\x64\Release\_3.pdb" /SUBSYSTEM:CONSOLE /OPT:REF /OPT:ICF /LTCG /TLBID:1 /DYNAMICBASE /NXCOMPAT /IMPLIB:"C:\Users\dahoon\Documents\Visual Studio 2013\Projects\_3\FingKey\_3\x64\Release\_3.lib" /MACHINE:X64 x64\Release\test.obj
         코드를 생성하고 있습니다.
         코드를 생성했습니다.
         _3.vcxproj -> C:\Users\dahoon\Documents\Visual Studio 2013\Projects\_3\FingKey\_3\x64\Release\_3.exe
     1>"C:\Users\dahoon\Documents\Visual Studio 2013\Projects\_3\FingKey\_3\_3\_3.vcxproj" 프로젝트를 빌드했습니다(Build 대상).

빌드했습니다.

경과 시간: 00:00:02.60
=======
﻿Build started 2016-04-29 오후 5:51:09.
=======
﻿Build started 2016-05-05 오전 10:39:39.
>>>>>>> refs/remotes/origin/pr/2
     1>Project "C:\Users\JaeSeok\Desktop\FingKey-master\_3\_3\_3.vcxproj" on node 2 (Build target(s)).
     1>ClCompile:
         C:\Program Files (x86)\Microsoft Visual Studio 12.0\VC\bin\x86_amd64\CL.exe /c /IC:\opencv\build\include /Zi /nologo /W3 /WX- /sdl /O2 /Oi /GL /D WIN32 /D NDEBUG /D _CONSOLE /D _LIB /D _UNICODE /D UNICODE /Gm- /EHsc /MD /GS /Gy /fp:precise /Zc:wchar_t /Zc:forScope /Fo"x64\Release\\" /Fd"x64\Release\vc120.pdb" /Gd /TP /errorReport:prompt /FS test.cpp
         test.cpp
     1>C:\opencv\build\include\opencv2/core/mat.hpp(1965): warning C4819: The file contains a character that cannot be represented in the current code page (949). Save the file in Unicode format to prevent data loss
     1>C:\opencv\build\include\opencv2/core/persistence.hpp : warning C4819: The file contains a character that cannot be represented in the current code page (949). Save the file in Unicode format to prevent data loss
     1>C:\opencv\build\include\opencv2/core/utility.hpp : warning C4819: The file contains a character that cannot be represented in the current code page (949). Save the file in Unicode format to prevent data loss
     1>test.cpp(23): warning C4244: 'return' : conversion from 'double' to 'float', possible loss of data
     1>test.cpp(134): warning C4244: '=' : conversion from 'double' to 'float', possible loss of data
     1>test.cpp(135): warning C4244: '=' : conversion from 'double' to 'float', possible loss of data
     1>test.cpp(151): warning C4244: 'argument' : conversion from 'float' to 'int', possible loss of data
       Link:
         C:\Program Files (x86)\Microsoft Visual Studio 12.0\VC\bin\x86_amd64\link.exe /ERRORREPORT:PROMPT /OUT:"C:\Users\JaeSeok\Desktop\FingKey-master\_3\x64\Release\_3.exe" /INCREMENTAL:NO /NOLOGO /LIBPATH:C:\opencv\build\x64\vc12\lib opencv_world310.lib kernel32.lib user32.lib gdi32.lib winspool.lib comdlg32.lib advapi32.lib shell32.lib ole32.lib oleaut32.lib uuid.lib odbc32.lib odbccp32.lib /MANIFEST /MANIFESTUAC:"level='asInvoker' uiAccess='false'" /manifest:embed /DEBUG /PDB:"C:\Users\JaeSeok\Desktop\FingKey-master\_3\x64\Release\_3.pdb" /SUBSYSTEM:CONSOLE /OPT:REF /OPT:ICF /LTCG /TLBID:1 /DYNAMICBASE /NXCOMPAT /IMPLIB:"C:\Users\JaeSeok\Desktop\FingKey-master\_3\x64\Release\_3.lib" /MACHINE:X64 x64\Release\test.obj
         Generating code
         Finished generating code
         _3.vcxproj -> C:\Users\JaeSeok\Desktop\FingKey-master\_3\x64\Release\_3.exe
     1>Done Building Project "C:\Users\JaeSeok\Desktop\FingKey-master\_3\_3\_3.vcxproj" (Build target(s)).

Build succeeded.

<<<<<<< HEAD
Time Elapsed 00:00:01.89
>>>>>>> refs/heads/pr/1
=======
Time Elapsed 00:00:02.52
>>>>>>> refs/remotes/origin/pr/2
